<?xml version="1.0" encoding="UTF-8"?>
<!-- Generated by org.testng.reporters.JUnitReportReporter -->
<testsuite hostname="Syeds-MacBook-Pro.local" failures="0" tests="4" name="Runner.TestRunner" time="301.047" errors="0" timestamp="2022-03-25T12:24:47 GMT" skipped="0">
  <testcase classname="Runner.TestRunner" name="runScenario" time="58.973"/>
  <system-out/>
  <testcase classname="Runner.TestRunner" name="runScenario" time="87.459"/>
  <system-out/>
  <testcase classname="Runner.TestRunner" name="runScenario" time="77.796"/>
  <system-out/>
  <testcase classname="Runner.TestRunner" name="runScenario" time="76.819"/>
  <system-out/>
</testsuite> <!-- Runner.TestRunner -->
